# JRE version: Java(TM) SE Runtime Environment (8.0_111-b14) (build 1.8.0_111-b14)
# Java VM: Java HotSpot(TM) 64-Bit Server VM (25.111-b14 mixed mode windows-amd64 compressed oops)
Heap:
 PSYoungGen      total 267776K, used 288K [0x00000000eab00000, 0x00000000fc380000, 0x0000000100000000)
  eden space 249856K, 0% used [0x00000000eab00000,0x00000000eab00000,0x00000000f9f00000)
  from space 17920K, 1% used [0x00000000fb100000,0x00000000fb148000,0x00000000fc280000)
  to   space 18432K, 0% used [0x00000000f9f00000,0x00000000f9f00000,0x00000000fb100000)
 ParOldGen       total 214016K, used 21644K [0x00000000c0000000, 0x00000000cd100000, 0x00000000eab00000)
  object space 214016K, 10% used [0x00000000c0000000,0x00000000c1523080,0x00000000cd100000)
 Metaspace       used 68138K, capacity 68510K, committed 70488K, reserved 1110016K
  class space    used 9618K, capacity 9728K, committed 10112K, reserved 1048576K
GC Heap History (10 events):
Event: 3611.505 GC heap after
Heap after GC invocations=30 (full 4):
 PSYoungGen      total 261632K, used 1206K [0x00000000eab00000, 0x00000000fc080000, 0x0000000100000000)
  eden space 250368K, 0% used [0x00000000eab00000,0x00000000eab00000,0x00000000f9f80000)
  from space 11264K, 10% used [0x00000000fb580000,0x00000000fb6adaa0,0x00000000fc080000)
  to   space 16896K, 0% used [0x00000000f9f80000,0x00000000f9f80000,0x00000000fb000000)
 ParOldGen       total 214016K, used 26554K [0x00000000c0000000, 0x00000000cd100000, 0x00000000eab00000)
  object space 214016K, 12% used [0x00000000c0000000,0x00000000c19eeb90,0x00000000cd100000)
 Metaspace       used 69027K, capacity 70040K, committed 70488K, reserved 1110016K
  class space    used 9757K, capacity 9983K, committed 10112K, reserved 1048576K
}
Event: 3611.505 GC heap before
{Heap before GC invocations=31 (full 5):
 PSYoungGen      total 261632K, used 1206K [0x00000000eab00000, 0x00000000fc080000, 0x0000000100000000)
  eden space 250368K, 0% used [0x00000000eab00000,0x00000000eab00000,0x00000000f9f80000)
  from space 11264K, 10% used [0x00000000fb580000,0x00000000fb6adaa0,0x00000000fc080000)
  to   space 16896K, 0% used [0x00000000f9f80000,0x00000000f9f80000,0x00000000fb000000)
 ParOldGen       total 214016K, used 26554K [0x00000000c0000000, 0x00000000cd100000, 0x00000000eab00000)
  object space 214016K, 12% used [0x00000000c0000000,0x00000000c19eeb90,0x00000000cd100000)
 Metaspace       used 69027K, capacity 70040K, committed 70488K, reserved 1110016K
  class space    used 9757K, capacity 9983K, committed 10112K, reserved 1048576K
Event: 3611.670 GC heap after
Heap after GC invocations=31 (full 5):
 PSYoungGen      total 261632K, used 0K [0x00000000eab00000, 0x00000000fc080000, 0x0000000100000000)
  eden space 250368K, 0% used [0x00000000eab00000,0x00000000eab00000,0x00000000f9f80000)
  from space 11264K, 0% used [0x00000000fb580000,0x00000000fb580000,0x00000000fc080000)
  to   space 16896K, 0% used [0x00000000f9f80000,0x00000000f9f80000,0x00000000fb000000)
 ParOldGen       total 214016K, used 22301K [0x00000000c0000000, 0x00000000cd100000, 0x00000000eab00000)
  object space 214016K, 10% used [0x00000000c0000000,0x00000000c15c76f8,0x00000000cd100000)
 Metaspace       used 68746K, capacity 69590K, committed 70488K, reserved 1110016K
  class space    used 9715K, capacity 9908K, committed 10112K, reserved 1048576K
}
Event: 5411.503 GC heap before
{Heap before GC invocations=32 (full 5):
 PSYoungGen      total 261632K, used 9066K [0x00000000eab00000, 0x00000000fc080000, 0x0000000100000000)
  eden space 250368K, 3% used [0x00000000eab00000,0x00000000eb3da968,0x00000000f9f80000)
  from space 11264K, 0% used [0x00000000fb580000,0x00000000fb580000,0x00000000fc080000)
  to   space 16896K, 0% used [0x00000000f9f80000,0x00000000f9f80000,0x00000000fb000000)
 ParOldGen       total 214016K, used 22301K [0x00000000c0000000, 0x00000000cd100000, 0x00000000eab00000)
  object space 214016K, 10% used [0x00000000c0000000,0x00000000c15c76f8,0x00000000cd100000)
 Metaspace       used 68763K, capacity 69590K, committed 70488K, reserved 1110016K
  class space    used 9715K, capacity 9908K, committed 10112K, reserved 1048576K
Event: 5411.506 GC heap after
Heap after GC invocations=32 (full 5):
 PSYoungGen      total 267264K, used 256K [0x00000000eab00000, 0x00000000fc280000, 0x0000000100000000)
  eden space 250368K, 0% used [0x00000000eab00000,0x00000000eab00000,0x00000000f9f80000)
  from space 16896K, 1% used [0x00000000f9f80000,0x00000000f9fc0000,0x00000000fb000000)
  to   space 17920K, 0% used [0x00000000fb100000,0x00000000fb100000,0x00000000fc280000)
 ParOldGen       total 214016K, used 22301K [0x00000000c0000000, 0x00000000cd100000, 0x00000000eab00000)
  object space 214016K, 10% used [0x00000000c0000000,0x00000000c15c76f8,0x00000000cd100000)
 Metaspace       used 68763K, capacity 69590K, committed 70488K, reserved 1110016K
  class space    used 9715K, capacity 9908K, committed 10112K, reserved 1048576K
}
Event: 5411.506 GC heap before
{Heap before GC invocations=33 (full 6):
 PSYoungGen      total 267264K, used 256K [0x00000000eab00000, 0x00000000fc280000, 0x0000000100000000)
  eden space 250368K, 0% used [0x00000000eab00000,0x00000000eab00000,0x00000000f9f80000)
  from space 16896K, 1% used [0x00000000f9f80000,0x00000000f9fc0000,0x00000000fb000000)
  to   space 17920K, 0% used [0x00000000fb100000,0x00000000fb100000,0x00000000fc280000)
 ParOldGen       total 214016K, used 22301K [0x00000000c0000000, 0x00000000cd100000, 0x00000000eab00000)
  object space 214016K, 10% used [0x00000000c0000000,0x00000000c15c76f8,0x00000000cd100000)
 Metaspace       used 68763K, capacity 69590K, committed 70488K, reserved 1110016K
  class space    used 9715K, capacity 9908K, committed 10112K, reserved 1048576K
Event: 5411.663 GC heap after
Heap after GC invocations=33 (full 6):
 PSYoungGen      total 267264K, used 0K [0x00000000eab00000, 0x00000000fc280000, 0x0000000100000000)
  eden space 250368K, 0% used [0x00000000eab00000,0x00000000eab00000,0x00000000f9f80000)
  from space 16896K, 0% used [0x00000000f9f80000,0x00000000f9f80000,0x00000000fb000000)
  to   space 17920K, 0% used [0x00000000fb100000,0x00000000fb100000,0x00000000fc280000)
 ParOldGen       total 214016K, used 21636K [0x00000000c0000000, 0x00000000cd100000, 0x00000000eab00000)
  object space 214016K, 10% used [0x00000000c0000000,0x00000000c1521080,0x00000000cd100000)
 Metaspace       used 68110K, capacity 68510K, committed 70488K, reserved 1110016K
  class space    used 9615K, capacity 9728K, committed 10112K, reserved 1048576K
}
Event: 47516.511 GC heap before
{Heap before GC invocations=34 (full 6):
 PSYoungGen      total 267264K, used 32733K [0x00000000eab00000, 0x00000000fc280000, 0x0000000100000000)
  eden space 250368K, 13% used [0x00000000eab00000,0x00000000ecaf7488,0x00000000f9f80000)
  from space 16896K, 0% used [0x00000000f9f80000,0x00000000f9f80000,0x00000000fb000000)
  to   space 17920K, 0% used [0x00000000fb100000,0x00000000fb100000,0x00000000fc280000)
 ParOldGen       total 214016K, used 21636K [0x00000000c0000000, 0x00000000cd100000, 0x00000000eab00000)
  object space 214016K, 10% used [0x00000000c0000000,0x00000000c1521080,0x00000000cd100000)
 Metaspace       used 68138K, capacity 68510K, committed 70488K, reserved 1110016K
  class space    used 9618K, capacity 9728K, committed 10112K, reserved 1048576K
Event: 47516.519 GC heap after
Heap after GC invocations=34 (full 6):
 PSYoungGen      total 267776K, used 288K [0x00000000eab00000, 0x00000000fc380000, 0x0000000100000000)
  eden space 249856K, 0% used [0x00000000eab00000,0x00000000eab00000,0x00000000f9f00000)
  from space 17920K, 1% used [0x00000000fb100000,0x00000000fb148000,0x00000000fc280000)
  to   space 18432K, 0% used [0x00000000f9f00000,0x00000000f9f00000,0x00000000fb100000)
 ParOldGen       total 214016K, used 21644K [0x00000000c0000000, 0x00000000cd100000, 0x00000000eab00000)
  object space 214016K, 10% used [0x00000000c0000000,0x00000000c1523080,0x00000000cd100000)
 Metaspace       used 68138K, capacity 68510K, committed 70488K, reserved 1110016K
  class space    used 9618K, capacity 9728K, committed 10112K, reserved 1048576K
}
Event: 47516.519 GC heap before
{Heap before GC invocations=35 (full 7):
 PSYoungGen      total 267776K, used 288K [0x00000000eab00000, 0x00000000fc380000, 0x0000000100000000)
  eden space 249856K, 0% used [0x00000000eab00000,0x00000000eab00000,0x00000000f9f00000)
  from space 17920K, 1% used [0x00000000fb100000,0x00000000fb148000,0x00000000fc280000)
  to   space 18432K, 0% used [0x00000000f9f00000,0x00000000f9f00000,0x00000000fb100000)
 ParOldGen       total 214016K, used 21644K [0x00000000c0000000, 0x00000000cd100000, 0x00000000eab00000)
  object space 214016K, 10% used [0x00000000c0000000,0x00000000c1523080,0x00000000cd100000)
 Metaspace       used 68138K, capacity 68510K, committed 70488K, reserved 1110016K
  class space    used 9618K, capacity 9728K, committed 10112K, reserved 1048576K

